[NX v22.2.1 Daemon Server] - 2025-12-11T18:46:24.656Z - Started listening on: /private/var/folders/qd/lbkr6q1x3_q3nm4px5pn9m180000gn/T/e99ba9d5073d6d2928de/d.sock
[NX v22.2.1 Daemon Server] - 2025-12-11T18:46:24.658Z - [WATCHER]: Subscribed to changes within: /Users/eric/code/hack/tcgplayer-mass-add (native)
[NX v22.2.1 Daemon Server] - 2025-12-11T18:46:24.659Z - [NX-CONSOLE]: Pulling latest Nx (latest) to check console status...
Fetching nx...
[NX v22.2.1 Daemon Server] - 2025-12-11T18:46:24.738Z - [WATCHER]: Processing file changes in outputs
[NX v22.2.1 Daemon Server] - 2025-12-11T18:46:24.738Z - Established a connection. Number of open connections: 1
[NX v22.2.1 Daemon Server] - 2025-12-11T18:46:24.738Z - Established a connection. Number of open connections: 2
[NX v22.2.1 Daemon Server] - 2025-12-11T18:46:24.739Z - Closed a connection. Number of open connections: 1
[NX v22.2.1 Daemon Server] - 2025-12-11T18:46:24.739Z - Received raw message of length 32
[NX v22.2.1 Daemon Server] - 2025-12-11T18:46:24.739Z - Received json message of type GET_NX_CONSOLE_STATUS
[NX v22.2.1 Daemon Server] - 2025-12-11T18:46:24.740Z - Serializing response for GET_NX_CONSOLE_STATUS message in json mode
[NX v22.2.1 Daemon Server] - 2025-12-11T18:46:24.740Z - Responding to GET_NX_CONSOLE_STATUS message
[NX v22.2.1 Daemon Server] - 2025-12-11T18:46:24.740Z - [REQUEST]: Responding to the client. handleGetNxConsoleStatus
[NX v22.2.1 Daemon Server] - 2025-12-11T18:46:24.740Z - Done responding to the client handleGetNxConsoleStatus
[NX v22.2.1 Daemon Server] - 2025-12-11T18:46:24.740Z - Handled json message GET_NX_CONSOLE_STATUS. Handling time: 0. Response time: 0.
[NX v22.2.1 Daemon Server] - 2025-12-11T18:46:24.763Z - [WATCHER]: .nx/workspace-data/nx_files.nxt was created or restored
[NX v22.2.1 Daemon Server] - 2025-12-11T18:46:24.763Z - Time taken for 'loadSpecifiedNxPlugins' 1.4690829999999835ms
[NX v22.2.1 Daemon Server] - 2025-12-11T18:46:24.772Z - Closed a connection. Number of open connections: 0
Time for 'plugin worker 33594 code loading' 1.9462910000000004
Time for 'plugin worker 33596 code loading' 1.7283329999999992
Time for 'plugin worker 33595 code loading' 2.6998330000000017
[NX v22.2.1 Daemon Server] - 2025-12-11T18:46:24.896Z - Time taken for 'Load Nx Plugin: /Users/eric/code/hack/tcgplayer-mass-add/node_modules/nx/src/plugins/project-json/build-nodes/project-json' 134.65866700000004ms
[NX v22.2.1 Daemon Server] - 2025-12-11T18:46:24.902Z - Time taken for 'Load Nx Plugin: /Users/eric/code/hack/tcgplayer-mass-add/node_modules/nx/src/plugins/js' 141.58875ms
[NX v22.2.1 Daemon Server] - 2025-12-11T18:46:24.903Z - [REQUEST]: Updated workspace context based on watched changes, recomputing project graph...
[NX v22.2.1 Daemon Server] - 2025-12-11T18:46:24.903Z - [REQUEST]: .nx/workspace-data/nx_files.nxt
[NX v22.2.1 Daemon Server] - 2025-12-11T18:46:24.903Z - [REQUEST]: 
[NX v22.2.1 Daemon Server] - 2025-12-11T18:46:24.903Z - [REQUEST]: Updated workspace context based on watched changes, recomputing project graph...
[NX v22.2.1 Daemon Server] - 2025-12-11T18:46:24.903Z - [REQUEST]: .nx/workspace-data/nx_files.nxt
[NX v22.2.1 Daemon Server] - 2025-12-11T18:46:24.903Z - [REQUEST]: 
[NX v22.2.1 Daemon Server] - 2025-12-11T18:46:24.907Z - Time taken for 'loadDefaultNxPlugins' 142.75383300000001ms
Time for 'nx/core/project-json:createNodes' 1.4367499999999893
Time for 'nx/core/project-json:createNodes' 0.43566599999999767
Time for 'nx/core/package-json:createNodes' 2.5645419999999888
Time for 'nx/core/package-json:createNodes' 0.6587079999999901
Time for 'nx/js/dependencies-and-lockfile:createNodes' 8.369208000000015
Time for 'nx/js/dependencies-and-lockfile:createNodes' 2.4544579999999883
[NX v22.2.1 Daemon Server] - 2025-12-11T18:46:24.935Z - Time taken for 'build-project-configs' 19.538625000000025ms
[NX v22.2.1 Daemon Server] - 2025-12-11T18:46:24.977Z - [WATCHER]: 4 file(s) created or restored, 0 file(s) modified, 0 file(s) deleted
[NX v22.2.1 Daemon Server] - 2025-12-11T18:46:25.079Z - [REQUEST]: Updated workspace context based on watched changes, recomputing project graph...
[NX v22.2.1 Daemon Server] - 2025-12-11T18:46:25.079Z - [REQUEST]: .nx/workspace-data/lockfile-nodes.hash,.nx/workspace-data/parsed-lock-file.nodes.json,.nx/workspace-data/lockfile-dependencies.hash,.nx/workspace-data/parsed-lock-file.dependencies.json
[NX v22.2.1 Daemon Server] - 2025-12-11T18:46:25.079Z - [REQUEST]: 
[NX v22.2.1 Daemon Server] - 2025-12-11T18:46:25.080Z - Time taken for 'hash changed files from watcher' 0.43574999999998454ms
Time for 'nx/core/package-json:createNodes' 1.3922079999999823
Time for 'nx/core/project-json:createNodes' 1.9430419999999913
Time for 'build typescript dependencies' 163.729292
Time for 'nx/js/dependencies-and-lockfile:createNodes' 3.1992500000000064
[NX v22.2.1 Daemon Server] - 2025-12-11T18:46:25.132Z - Time taken for 'build-project-configs' 46.08295800000002ms
Time for 'build typescript dependencies' 25.223457999999994
[NX v22.2.1 Daemon Server] - 2025-12-11T18:46:25.180Z - Time taken for 'build-project-configs' 96.80129199999993ms
Time for 'build typescript dependencies' 31.209957999999972
[NX v22.2.1 Daemon Server] - 2025-12-11T18:46:25.221Z - Time taken for 'total execution time for createProjectGraph()' 42.24787500000002ms
[NX v22.2.1 Daemon Server] - 2025-12-11T18:46:25.226Z - Time taken for 'total execution time for createProjectGraph()' 47.98895900000002ms
[NX v22.2.1 Daemon Server] - 2025-12-11T18:46:26.116Z - [NX-CONSOLE]: Successfully pulled latest Nx to /private/var/folders/qd/lbkr6q1x3_q3nm4px5pn9m180000gn/T/tmp-33584-WjRAFSRhRM4P
[NX v22.2.1 Daemon Server] - 2025-12-11T18:46:26.154Z - [NX-CONSOLE]: Using local implementation (NX_USE_LOCAL=true or inner call)
DEBUG nx::native::ide::install: Detected editor: Cursor
DEBUG nx::native::ide::install: Checking if Nx Console extension is installed with: cursor --list-extensions
DEBUG nx::native::ide::install: Nx Console extension is not installed
[NX v22.2.1 Daemon Server] - 2025-12-11T18:46:26.605Z - [NX-CONSOLE]: Console status check completed, shouldPrompt: true
[NX v22.2.1 Daemon Server] - 2025-12-11T18:46:36.364Z - [WATCHER]: backend/project.json was modified
[NX v22.2.1 Daemon Server] - 2025-12-11T18:46:36.367Z - [WATCHER]: Processing file changes in outputs
[NX v22.2.1 Daemon Server] - 2025-12-11T18:46:36.591Z - [REQUEST]: Updated workspace context based on watched changes, recomputing project graph...
[NX v22.2.1 Daemon Server] - 2025-12-11T18:46:36.591Z - [REQUEST]: backend/project.json
[NX v22.2.1 Daemon Server] - 2025-12-11T18:46:36.591Z - [REQUEST]: 
[NX v22.2.1 Daemon Server] - 2025-12-11T18:46:36.613Z - Time taken for 'hash changed files from watcher' 2.363541000000623ms
Time for 'nx/core/project-json:createNodes' 14.416124999999738
Time for 'nx/core/package-json:createNodes' 21.418000000001484
Time for 'nx/js/dependencies-and-lockfile:createNodes' 68.01479100000142
[NX v22.2.1 Daemon Server] - 2025-12-11T18:46:36.772Z - Time taken for 'build-project-configs' 160.0592919999999ms
Time for 'build typescript dependencies' 4.292041000000609
[NX v22.2.1 Daemon Server] - 2025-12-11T18:46:36.807Z - [SYNC]: collect registered sync generators
[NX v22.2.1 Daemon Server] - 2025-12-11T18:46:36.808Z - Time taken for 'total execution time for createProjectGraph()' 47.94499999999971ms
[NX v22.2.1 Daemon Server] - 2025-12-11T18:46:52.054Z - [WATCHER]: package.json was modified
[NX v22.2.1 Daemon Server] - 2025-12-11T18:46:52.055Z - [WATCHER]: Processing file changes in outputs
[NX v22.2.1 Daemon Server] - 2025-12-11T18:46:52.457Z - [REQUEST]: Updated workspace context based on watched changes, recomputing project graph...
[NX v22.2.1 Daemon Server] - 2025-12-11T18:46:52.457Z - [REQUEST]: package.json
[NX v22.2.1 Daemon Server] - 2025-12-11T18:46:52.457Z - [REQUEST]: 
[NX v22.2.1 Daemon Server] - 2025-12-11T18:46:52.459Z - Time taken for 'hash changed files from watcher' 0.34816700000010314ms
Time for 'nx/core/project-json:createNodes' 0.9654999999984284
Time for 'nx/core/package-json:createNodes' 2.0842499999998836
Time for 'nx/js/dependencies-and-lockfile:createNodes' 7.986207999998442
[NX v22.2.1 Daemon Server] - 2025-12-11T18:46:52.481Z - Time taken for 'build-project-configs' 19.161000000000058ms
Time for 'build typescript dependencies' 0.015541000000666827
[NX v22.2.1 Daemon Server] - 2025-12-11T18:46:52.488Z - [SYNC]: collect registered sync generators
[NX v22.2.1 Daemon Server] - 2025-12-11T18:46:52.488Z - [SYNC]: project graph hash is the same, not collecting task sync generators
[NX v22.2.1 Daemon Server] - 2025-12-11T18:46:52.488Z - [SYNC]: nx.json hash is the same, not collecting global sync generators
[NX v22.2.1 Daemon Server] - 2025-12-11T18:46:52.488Z - Time taken for 'total execution time for createProjectGraph()' 9.75274999999965ms
[NX v22.2.1 Daemon Server] - 2025-12-11T18:46:53.672Z - Established a connection. Number of open connections: 1
[NX v22.2.1 Daemon Server] - 2025-12-11T18:46:53.672Z - Closed a connection. Number of open connections: 0
[NX v22.2.1 Daemon Server] - 2025-12-11T18:46:53.673Z - Established a connection. Number of open connections: 1
[NX v22.2.1 Daemon Server] - 2025-12-11T18:46:53.678Z - Received raw message of length 32
[NX v22.2.1 Daemon Server] - 2025-12-11T18:46:53.678Z - Received json message of type GET_NX_CONSOLE_STATUS
[NX v22.2.1 Daemon Server] - 2025-12-11T18:46:53.678Z - Serializing response for GET_NX_CONSOLE_STATUS message in json mode
[NX v22.2.1 Daemon Server] - 2025-12-11T18:46:53.678Z - Responding to GET_NX_CONSOLE_STATUS message
[NX v22.2.1 Daemon Server] - 2025-12-11T18:46:53.678Z - [REQUEST]: Responding to the client. handleGetNxConsoleStatus
[NX v22.2.1 Daemon Server] - 2025-12-11T18:46:53.678Z - Done responding to the client handleGetNxConsoleStatus
[NX v22.2.1 Daemon Server] - 2025-12-11T18:46:53.678Z - Handled json message GET_NX_CONSOLE_STATUS. Handling time: 0. Response time: 0.
[NX v22.2.1 Daemon Server] - 2025-12-11T18:47:00.690Z - Received raw message of length 66
[NX v22.2.1 Daemon Server] - 2025-12-11T18:47:00.691Z - Received json message of type SET_NX_CONSOLE_PREFERENCE_AND_INSTALL
[NX v22.2.1 Daemon Server] - 2025-12-11T18:47:00.692Z - [NX-CONSOLE]: Handling user preference: true
[NX v22.2.1 Daemon Server] - 2025-12-11T18:47:00.692Z - [NX-CONSOLE]: Reusing cached Nx installation from /private/var/folders/qd/lbkr6q1x3_q3nm4px5pn9m180000gn/T/tmp-33584-WjRAFSRhRM4P
[NX v22.2.1 Daemon Server] - 2025-12-11T18:47:00.692Z - [NX-CONSOLE]: Handling user preference: true
[NX v22.2.1 Daemon Server] - 2025-12-11T18:47:00.692Z - [NX-CONSOLE]: Using local implementation (NX_USE_LOCAL=true or inner call)
DEBUG nx::native::ide::preferences: Console preferences saved successfully.
DEBUG nx::native::ide::install: Detected editor: Cursor
DEBUG nx::native::ide::install: Attempting to install Nx Console for Cursor
DEBUG nx::native::ide::install: Attempting to install Nx Console extension with: cursor --install-extension nrwl.angular-console
DEBUG nx::native::ide::install: Successfully installed Nx Console
DEBUG nx::native::ide::install: Nx Console extension installed successfully
[NX v22.2.1 Daemon Server] - 2025-12-11T18:47:03.318Z - [NX-CONSOLE]: Preference saved and installation succeeded
[NX v22.2.1 Daemon Server] - 2025-12-11T18:47:03.318Z - Serializing response for SET_NX_CONSOLE_PREFERENCE_AND_INSTALL message in json mode
[NX v22.2.1 Daemon Server] - 2025-12-11T18:47:03.318Z - Responding to SET_NX_CONSOLE_PREFERENCE_AND_INSTALL message
[NX v22.2.1 Daemon Server] - 2025-12-11T18:47:03.318Z - [REQUEST]: Responding to the client. handleSetNxConsolePreferenceAndInstall
[NX v22.2.1 Daemon Server] - 2025-12-11T18:47:03.319Z - Done responding to the client handleSetNxConsolePreferenceAndInstall
[NX v22.2.1 Daemon Server] - 2025-12-11T18:47:03.319Z - Handled json message SET_NX_CONSOLE_PREFERENCE_AND_INSTALL. Handling time: 2627. Response time: 1.
[NX v22.2.1 Daemon Server] - 2025-12-11T18:47:03.342Z - Closed a connection. Number of open connections: 0
[NX v22.2.1 Daemon Server] - 2025-12-11T18:47:05.026Z - Established a connection. Number of open connections: 1
[NX v22.2.1 Daemon Server] - 2025-12-11T18:47:05.029Z - Established a connection. Number of open connections: 2
[NX v22.2.1 Daemon Server] - 2025-12-11T18:47:05.031Z - Closed a connection. Number of open connections: 1
[NX v22.2.1 Daemon Server] - 2025-12-11T18:47:05.031Z - Established a connection. Number of open connections: 2
[NX v22.2.1 Daemon Server] - 2025-12-11T18:47:05.031Z - Closed a connection. Number of open connections: 1
[NX v22.2.1 Daemon Server] - 2025-12-11T18:47:05.045Z - Received raw message of length 32
[NX v22.2.1 Daemon Server] - 2025-12-11T18:47:05.045Z - Received json message of type REQUEST_PROJECT_GRAPH
[NX v22.2.1 Daemon Server] - 2025-12-11T18:47:05.047Z - [REQUEST]: Client Request for Project Graph Received
[NX v22.2.1 Daemon Server] - 2025-12-11T18:47:05.049Z - [REQUEST]: Updated workspace context based on watched changes, recomputing project graph...
[NX v22.2.1 Daemon Server] - 2025-12-11T18:47:05.049Z - [REQUEST]: 
[NX v22.2.1 Daemon Server] - 2025-12-11T18:47:05.049Z - [REQUEST]: 
[NX v22.2.1 Daemon Server] - 2025-12-11T18:47:05.062Z - No files changed, but no in-memory cached project graph found. Recomputing it...
[NX v22.2.1 Daemon Server] - 2025-12-11T18:47:05.065Z - Time taken for 'hash changed files from watcher' 0.3226250000006985ms
Time for 'nx/core/project-json:createNodes' 2.464665999999852
Time for 'nx/core/package-json:createNodes' 3.748749999998836
Time for 'nx/js/dependencies-and-lockfile:createNodes' 12.339374999995925
[NX v22.2.1 Daemon Server] - 2025-12-11T18:47:05.105Z - Time taken for 'build-project-configs' 37.32858400000259ms
[NX v22.2.1 Daemon Server] - 2025-12-11T18:47:05.127Z - [WATCHER]: .nx/workspace-data/nx_files.nxt was modified
Time for 'build typescript dependencies' 46.93316700000287
[NX v22.2.1 Daemon Server] - 2025-12-11T18:47:05.172Z - Wrote project graph cache to /Users/eric/code/hack/tcgplayer-mass-add/.nx/workspace-data/project-graph.json
[NX v22.2.1 Daemon Server] - 2025-12-11T18:47:05.173Z - Serializing response for REQUEST_PROJECT_GRAPH message in json mode
[NX v22.2.1 Daemon Server] - 2025-12-11T18:47:05.173Z - Responding to REQUEST_PROJECT_GRAPH message
[NX v22.2.1 Daemon Server] - 2025-12-11T18:47:05.173Z - [REQUEST]: Responding to the client. project-graph
[NX v22.2.1 Daemon Server] - 2025-12-11T18:47:05.173Z - Time taken for 'total for creating and serializing project graph' 125.95799999999872ms
[NX v22.2.1 Daemon Server] - 2025-12-11T18:47:05.176Z - Done responding to the client project-graph
[NX v22.2.1 Daemon Server] - 2025-12-11T18:47:05.176Z - Handled json message REQUEST_PROJECT_GRAPH. Handling time: 128. Response time: 3.
[NX v22.2.1 Daemon Server] - 2025-12-11T18:47:05.183Z - Received raw message of length 32
[NX v22.2.1 Daemon Server] - 2025-12-11T18:47:05.183Z - Received json message of type GET_CONTEXT_FILE_DATA
[NX v22.2.1 Daemon Server] - 2025-12-11T18:47:05.183Z - Serializing response for GET_CONTEXT_FILE_DATA message in json mode
[NX v22.2.1 Daemon Server] - 2025-12-11T18:47:05.184Z - Responding to GET_CONTEXT_FILE_DATA message
[NX v22.2.1 Daemon Server] - 2025-12-11T18:47:05.184Z - [REQUEST]: Responding to the client. handleContextFileData
[NX v22.2.1 Daemon Server] - 2025-12-11T18:47:05.184Z - Done responding to the client handleContextFileData
[NX v22.2.1 Daemon Server] - 2025-12-11T18:47:05.184Z - Handled json message GET_CONTEXT_FILE_DATA. Handling time: 0. Response time: 1.
[NX v22.2.1 Daemon Server] - 2025-12-11T18:47:05.185Z - Closed a connection. Number of open connections: 0
[NX v22.2.1 Daemon Server] - 2025-12-11T18:47:05.228Z - [REQUEST]: Updated workspace context based on watched changes, recomputing project graph...
[NX v22.2.1 Daemon Server] - 2025-12-11T18:47:05.228Z - [REQUEST]: .nx/workspace-data/nx_files.nxt
[NX v22.2.1 Daemon Server] - 2025-12-11T18:47:05.228Z - [REQUEST]: 
[NX v22.2.1 Daemon Server] - 2025-12-11T18:47:05.232Z - Time taken for 'hash changed files from watcher' 0.13416599999618484ms
Time for 'nx/core/package-json:createNodes' 1.2090000000025611
Time for 'nx/core/project-json:createNodes' 1.0021250000063446
[NX v22.2.1 Daemon Server] - 2025-12-11T18:47:05.237Z - [WATCHER]: 3 file(s) created or restored, 0 file(s) modified, 3 file(s) deleted
Time for 'nx/js/dependencies-and-lockfile:createNodes' 6.3211669999946025
[NX v22.2.1 Daemon Server] - 2025-12-11T18:47:05.249Z - Time taken for 'build-project-configs' 13.603665999995428ms
Time for 'build typescript dependencies' 0.019458000002487097
[NX v22.2.1 Daemon Server] - 2025-12-11T18:47:05.301Z - [SYNC]: collect registered sync generators
[NX v22.2.1 Daemon Server] - 2025-12-11T18:47:05.302Z - [SYNC]: project graph hash is the same, not collecting task sync generators
[NX v22.2.1 Daemon Server] - 2025-12-11T18:47:05.302Z - [SYNC]: nx.json hash is the same, not collecting global sync generators
[NX v22.2.1 Daemon Server] - 2025-12-11T18:47:05.302Z - Time taken for 'total execution time for createProjectGraph()' 55.30975000000035ms
[NX v22.2.1 Daemon Server] - 2025-12-11T18:47:05.372Z - [REQUEST]: Updated workspace context based on watched changes, recomputing project graph...
[NX v22.2.1 Daemon Server] - 2025-12-11T18:47:05.372Z - [REQUEST]: 
[NX v22.2.1 Daemon Server] - 2025-12-11T18:47:05.372Z - [REQUEST]: 
Time for 'nx/core/project-json:createNodes' 0.37741600000299513
Time for 'nx/core/package-json:createNodes' 2.3962499999979627
[NX v22.2.1 Daemon Server] - 2025-12-11T18:47:05.388Z - Time taken for 'hash changed files from watcher' 0.06916700000147102ms
Time for 'nx/js/dependencies-and-lockfile:createNodes' 8.654833000000508
[NX v22.2.1 Daemon Server] - 2025-12-11T18:47:05.418Z - Time taken for 'build-project-configs' 34.63666699999885ms
Time for 'build typescript dependencies' 0.02187499999854481
[NX v22.2.1 Daemon Server] - 2025-12-11T18:47:05.448Z - [SYNC]: collect registered sync generators
[NX v22.2.1 Daemon Server] - 2025-12-11T18:47:05.449Z - [SYNC]: project graph hash is the same, not collecting task sync generators
[NX v22.2.1 Daemon Server] - 2025-12-11T18:47:05.449Z - [SYNC]: nx.json hash is the same, not collecting global sync generators
[NX v22.2.1 Daemon Server] - 2025-12-11T18:47:05.449Z - Time taken for 'total execution time for createProjectGraph()' 32.528790999997ms
[NX v22.2.1 Daemon Server] - 2025-12-11T18:47:05.599Z - Established a connection. Number of open connections: 1
[NX v22.2.1 Daemon Server] - 2025-12-11T18:47:05.600Z - Closed a connection. Number of open connections: 0
[NX v22.2.1 Daemon Server] - 2025-12-11T18:47:05.600Z - Established a connection. Number of open connections: 1
[NX v22.2.1 Daemon Server] - 2025-12-11T18:47:05.600Z - Established a connection. Number of open connections: 2
[NX v22.2.1 Daemon Server] - 2025-12-11T18:47:05.600Z - Closed a connection. Number of open connections: 1
[NX v22.2.1 Daemon Server] - 2025-12-11T18:47:05.601Z - Received raw message of length 32
[NX v22.2.1 Daemon Server] - 2025-12-11T18:47:05.601Z - Received json message of type REQUEST_PROJECT_GRAPH
[NX v22.2.1 Daemon Server] - 2025-12-11T18:47:05.601Z - [REQUEST]: Client Request for Project Graph Received
[NX v22.2.1 Daemon Server] - 2025-12-11T18:47:05.601Z - Reusing in-memory cached project graph because no files changed.
[NX v22.2.1 Daemon Server] - 2025-12-11T18:47:05.604Z - Wrote project graph cache to /Users/eric/code/hack/tcgplayer-mass-add/.nx/workspace-data/project-graph.json
[NX v22.2.1 Daemon Server] - 2025-12-11T18:47:05.604Z - Serializing response for REQUEST_PROJECT_GRAPH message in json mode
[NX v22.2.1 Daemon Server] - 2025-12-11T18:47:05.604Z - Responding to REQUEST_PROJECT_GRAPH message
[NX v22.2.1 Daemon Server] - 2025-12-11T18:47:05.604Z - [REQUEST]: Responding to the client. project-graph
[NX v22.2.1 Daemon Server] - 2025-12-11T18:47:05.604Z - Time taken for 'total for creating and serializing project graph' 2.51933299999655ms
[NX v22.2.1 Daemon Server] - 2025-12-11T18:47:05.606Z - Done responding to the client project-graph
[NX v22.2.1 Daemon Server] - 2025-12-11T18:47:05.606Z - Handled json message REQUEST_PROJECT_GRAPH. Handling time: 3. Response time: 2.
[NX v22.2.1 Daemon Server] - 2025-12-11T18:47:05.609Z - Received raw message of length 32
[NX v22.2.1 Daemon Server] - 2025-12-11T18:47:05.609Z - Received json message of type REQUEST_PROJECT_GRAPH
[NX v22.2.1 Daemon Server] - 2025-12-11T18:47:05.609Z - [REQUEST]: Client Request for Project Graph Received
[NX v22.2.1 Daemon Server] - 2025-12-11T18:47:05.609Z - Reusing in-memory cached project graph because no files changed.
[NX v22.2.1 Daemon Server] - 2025-12-11T18:47:05.614Z - Wrote project graph cache to /Users/eric/code/hack/tcgplayer-mass-add/.nx/workspace-data/project-graph.json
[NX v22.2.1 Daemon Server] - 2025-12-11T18:47:05.614Z - Serializing response for REQUEST_PROJECT_GRAPH message in json mode
[NX v22.2.1 Daemon Server] - 2025-12-11T18:47:05.614Z - Responding to REQUEST_PROJECT_GRAPH message
[NX v22.2.1 Daemon Server] - 2025-12-11T18:47:05.614Z - [REQUEST]: Responding to the client. project-graph
[NX v22.2.1 Daemon Server] - 2025-12-11T18:47:05.614Z - Time taken for 'total for creating and serializing project graph' 4.632333000001381ms
[NX v22.2.1 Daemon Server] - 2025-12-11T18:47:05.617Z - Done responding to the client project-graph
[NX v22.2.1 Daemon Server] - 2025-12-11T18:47:05.617Z - Handled json message REQUEST_PROJECT_GRAPH. Handling time: 5. Response time: 3.
[NX v22.2.1 Daemon Server] - 2025-12-11T18:47:05.622Z - Established a connection. Number of open connections: 2
[NX v22.2.1 Daemon Server] - 2025-12-11T18:47:05.622Z - Received raw message of length 157
[NX v22.2.1 Daemon Server] - 2025-12-11T18:47:05.622Z - Received json message of type REGISTER_FILE_WATCHER
[NX v22.2.1 Daemon Server] - 2025-12-11T18:47:05.673Z - [WATCHER]: 3 file(s) created or restored, 0 file(s) modified, 6 file(s) deleted
[NX v22.2.1 Daemon Server] - 2025-12-11T18:47:05.674Z - Serializing response for FILE-WATCH-CHANGED message in json mode
[NX v22.2.1 Daemon Server] - 2025-12-11T18:47:05.675Z - Responding to FILE-WATCH-CHANGED message
[NX v22.2.1 Daemon Server] - 2025-12-11T18:47:05.675Z - [REQUEST]: Responding to the client. File watch changed
[NX v22.2.1 Daemon Server] - 2025-12-11T18:47:05.675Z - Done responding to the client File watch changed
[NX v22.2.1 Daemon Server] - 2025-12-11T18:47:05.675Z - Handled json message FILE-WATCH-CHANGED. Handling time: 0. Response time: 1.
[NX v22.2.1 Daemon Server] - 2025-12-11T18:47:05.675Z - Time taken for 'changed-projects' 0.5946669999975711ms
[NX v22.2.1 Daemon Server] - 2025-12-11T18:47:05.774Z - [REQUEST]: Updated workspace context based on watched changes, recomputing project graph...
[NX v22.2.1 Daemon Server] - 2025-12-11T18:47:05.775Z - [REQUEST]: .nx/workspace-data/source-maps.json,.nx/workspace-data/file-map.json,.nx/workspace-data/project-graph.json
[NX v22.2.1 Daemon Server] - 2025-12-11T18:47:05.775Z - [REQUEST]: .nx/workspace-data/file-map.json~a61d91bc,.nx/workspace-data/source-maps.json~4d7cc71d,.nx/workspace-data/project-graph.json~4d7cc71d,.nx/workspace-data/file-map.json~4d7cc71d,.nx/workspace-data/project-graph.json~a61d91bc,.nx/workspace-data/source-maps.json~a61d91bc
[NX v22.2.1 Daemon Server] - 2025-12-11T18:47:05.776Z - Time taken for 'hash changed files from watcher' 0.688084000001254ms
Time for 'nx/core/project-json:createNodes' 0.27591599999868777
Time for 'nx/core/package-json:createNodes' 1.0512909999961266
Time for 'nx/js/dependencies-and-lockfile:createNodes' 3.109874999994645
[NX v22.2.1 Daemon Server] - 2025-12-11T18:47:05.791Z - Time taken for 'build-project-configs' 9.439124999997148ms
Time for 'build typescript dependencies' 0.01845799999864539
[NX v22.2.1 Daemon Server] - 2025-12-11T18:47:05.805Z - [SYNC]: collect registered sync generators
[NX v22.2.1 Daemon Server] - 2025-12-11T18:47:05.806Z - [SYNC]: project graph hash is the same, not collecting task sync generators
[NX v22.2.1 Daemon Server] - 2025-12-11T18:47:05.806Z - [SYNC]: nx.json hash is the same, not collecting global sync generators
[NX v22.2.1 Daemon Server] - 2025-12-11T18:47:05.806Z - Serializing response for FILE-WATCH-CHANGED message in json mode
[NX v22.2.1 Daemon Server] - 2025-12-11T18:47:05.806Z - Responding to FILE-WATCH-CHANGED message
[NX v22.2.1 Daemon Server] - 2025-12-11T18:47:05.806Z - [REQUEST]: Responding to the client. File watch changed
[NX v22.2.1 Daemon Server] - 2025-12-11T18:47:05.807Z - Done responding to the client File watch changed
[NX v22.2.1 Daemon Server] - 2025-12-11T18:47:05.807Z - Handled json message FILE-WATCH-CHANGED. Handling time: 0. Response time: 1.
[NX v22.2.1 Daemon Server] - 2025-12-11T18:47:05.807Z - Time taken for 'total execution time for createProjectGraph()' 19.70820900000399ms
[NX v22.2.1 Daemon Server] - 2025-12-11T18:47:05.828Z - [WATCHER]: .git/index.lock was deleted
[NX v22.2.1 Daemon Server] - 2025-12-11T18:47:05.828Z - Serializing response for FILE-WATCH-CHANGED message in json mode
[NX v22.2.1 Daemon Server] - 2025-12-11T18:47:05.828Z - Responding to FILE-WATCH-CHANGED message
[NX v22.2.1 Daemon Server] - 2025-12-11T18:47:05.828Z - [REQUEST]: Responding to the client. File watch changed
[NX v22.2.1 Daemon Server] - 2025-12-11T18:47:05.828Z - Done responding to the client File watch changed
[NX v22.2.1 Daemon Server] - 2025-12-11T18:47:05.828Z - Handled json message FILE-WATCH-CHANGED. Handling time: 0. Response time: 0.
[NX v22.2.1 Daemon Server] - 2025-12-11T18:47:05.828Z - Time taken for 'changed-projects' 0.03741699999955017ms
[NX v22.2.1 Daemon Server] - 2025-12-11T18:47:06.029Z - [REQUEST]: Updated workspace context based on watched changes, recomputing project graph...
[NX v22.2.1 Daemon Server] - 2025-12-11T18:47:06.029Z - [REQUEST]: 
[NX v22.2.1 Daemon Server] - 2025-12-11T18:47:06.029Z - [REQUEST]: .git/index.lock
[NX v22.2.1 Daemon Server] - 2025-12-11T18:47:06.032Z - Time taken for 'hash changed files from watcher' 0.08287500000005821ms
Time for 'nx/core/project-json:createNodes' 0.1366249999991851
Time for 'nx/core/package-json:createNodes' 0.8204579999946873
Time for 'nx/js/dependencies-and-lockfile:createNodes' 4.401499999999942
[NX v22.2.1 Daemon Server] - 2025-12-11T18:47:06.045Z - Time taken for 'build-project-configs' 10.976333999999042ms
Time for 'build typescript dependencies' 0.014957999999751337
[NX v22.2.1 Daemon Server] - 2025-12-11T18:47:06.053Z - [SYNC]: collect registered sync generators
[NX v22.2.1 Daemon Server] - 2025-12-11T18:47:06.053Z - [SYNC]: project graph hash is the same, not collecting task sync generators
[NX v22.2.1 Daemon Server] - 2025-12-11T18:47:06.053Z - [SYNC]: nx.json hash is the same, not collecting global sync generators
[NX v22.2.1 Daemon Server] - 2025-12-11T18:47:06.053Z - Time taken for 'total execution time for createProjectGraph()' 10.51024999999936ms
[NX v22.2.1 Daemon Server] - 2025-12-11T18:47:07.672Z - Established a connection. Number of open connections: 3
[NX v22.2.1 Daemon Server] - 2025-12-11T18:47:07.673Z - Established a connection. Number of open connections: 4
[NX v22.2.1 Daemon Server] - 2025-12-11T18:47:07.673Z - Closed a connection. Number of open connections: 3
[NX v22.2.1 Daemon Server] - 2025-12-11T18:47:07.680Z - Received raw message of length 32
[NX v22.2.1 Daemon Server] - 2025-12-11T18:47:07.680Z - Received json message of type GET_NX_CONSOLE_STATUS
[NX v22.2.1 Daemon Server] - 2025-12-11T18:47:07.680Z - Serializing response for GET_NX_CONSOLE_STATUS message in json mode
[NX v22.2.1 Daemon Server] - 2025-12-11T18:47:07.680Z - Responding to GET_NX_CONSOLE_STATUS message
[NX v22.2.1 Daemon Server] - 2025-12-11T18:47:07.680Z - [REQUEST]: Responding to the client. handleGetNxConsoleStatus
[NX v22.2.1 Daemon Server] - 2025-12-11T18:47:07.680Z - Done responding to the client handleGetNxConsoleStatus
[NX v22.2.1 Daemon Server] - 2025-12-11T18:47:07.680Z - Handled json message GET_NX_CONSOLE_STATUS. Handling time: 0. Response time: 0.
[NX v22.2.1 Daemon Server] - 2025-12-11T18:47:07.701Z - Received raw message of length 32
[NX v22.2.1 Daemon Server] - 2025-12-11T18:47:07.701Z - Received json message of type REQUEST_PROJECT_GRAPH
[NX v22.2.1 Daemon Server] - 2025-12-11T18:47:07.701Z - [REQUEST]: Client Request for Project Graph Received
[NX v22.2.1 Daemon Server] - 2025-12-11T18:47:07.701Z - Reusing in-memory cached project graph because no files changed.
[NX v22.2.1 Daemon Server] - 2025-12-11T18:47:07.705Z - Wrote project graph cache to /Users/eric/code/hack/tcgplayer-mass-add/.nx/workspace-data/project-graph.json
[NX v22.2.1 Daemon Server] - 2025-12-11T18:47:07.705Z - Serializing response for REQUEST_PROJECT_GRAPH message in json mode
[NX v22.2.1 Daemon Server] - 2025-12-11T18:47:07.705Z - Responding to REQUEST_PROJECT_GRAPH message
[NX v22.2.1 Daemon Server] - 2025-12-11T18:47:07.705Z - [REQUEST]: Responding to the client. project-graph
[NX v22.2.1 Daemon Server] - 2025-12-11T18:47:07.705Z - Time taken for 'total for creating and serializing project graph' 3.7955829999991693ms
[NX v22.2.1 Daemon Server] - 2025-12-11T18:47:07.706Z - Done responding to the client project-graph
[NX v22.2.1 Daemon Server] - 2025-12-11T18:47:07.706Z - Handled json message REQUEST_PROJECT_GRAPH. Handling time: 4. Response time: 1.
[NX v22.2.1 Daemon Server] - 2025-12-11T18:47:07.709Z - Closed a connection. Number of open connections: 2
[NX v22.2.1 Daemon Server] - 2025-12-11T18:47:07.768Z - [WATCHER]: 3 file(s) created or restored, 0 file(s) modified, 3 file(s) deleted
[NX v22.2.1 Daemon Server] - 2025-12-11T18:47:07.768Z - Serializing response for FILE-WATCH-CHANGED message in json mode
[NX v22.2.1 Daemon Server] - 2025-12-11T18:47:07.768Z - Responding to FILE-WATCH-CHANGED message
[NX v22.2.1 Daemon Server] - 2025-12-11T18:47:07.768Z - [REQUEST]: Responding to the client. File watch changed
[NX v22.2.1 Daemon Server] - 2025-12-11T18:47:07.769Z - Done responding to the client File watch changed
[NX v22.2.1 Daemon Server] - 2025-12-11T18:47:07.769Z - Handled json message FILE-WATCH-CHANGED. Handling time: 0. Response time: 1.
[NX v22.2.1 Daemon Server] - 2025-12-11T18:47:07.769Z - Time taken for 'changed-projects' 0.03912499999569263ms
[NX v22.2.1 Daemon Server] - 2025-12-11T18:47:07.869Z - [REQUEST]: Updated workspace context based on watched changes, recomputing project graph...
[NX v22.2.1 Daemon Server] - 2025-12-11T18:47:07.869Z - [REQUEST]: .nx/workspace-data/source-maps.json,.nx/workspace-data/file-map.json,.nx/workspace-data/project-graph.json
[NX v22.2.1 Daemon Server] - 2025-12-11T18:47:07.869Z - [REQUEST]: .nx/workspace-data/project-graph.json~43a38151,.nx/workspace-data/source-maps.json~43a38151,.nx/workspace-data/file-map.json~43a38151
[NX v22.2.1 Daemon Server] - 2025-12-11T18:47:07.872Z - Time taken for 'hash changed files from watcher' 0.24958300000434974ms
Time for 'nx/core/project-json:createNodes' 0.952791999996407
Time for 'nx/core/package-json:createNodes' 1.761040999997931
Time for 'nx/js/dependencies-and-lockfile:createNodes' 5.329166999996232
[NX v22.2.1 Daemon Server] - 2025-12-11T18:47:07.881Z - Time taken for 'build-project-configs' 9.278959000002942ms
Time for 'build typescript dependencies' 0.007958000001963228
[NX v22.2.1 Daemon Server] - 2025-12-11T18:47:07.887Z - [SYNC]: collect registered sync generators
[NX v22.2.1 Daemon Server] - 2025-12-11T18:47:07.888Z - [SYNC]: project graph hash is the same, not collecting task sync generators
[NX v22.2.1 Daemon Server] - 2025-12-11T18:47:07.888Z - [SYNC]: nx.json hash is the same, not collecting global sync generators
[NX v22.2.1 Daemon Server] - 2025-12-11T18:47:07.888Z - Serializing response for FILE-WATCH-CHANGED message in json mode
[NX v22.2.1 Daemon Server] - 2025-12-11T18:47:07.888Z - Responding to FILE-WATCH-CHANGED message
[NX v22.2.1 Daemon Server] - 2025-12-11T18:47:07.888Z - [REQUEST]: Responding to the client. File watch changed
[NX v22.2.1 Daemon Server] - 2025-12-11T18:47:07.888Z - Done responding to the client File watch changed
[NX v22.2.1 Daemon Server] - 2025-12-11T18:47:07.888Z - Handled json message FILE-WATCH-CHANGED. Handling time: 0. Response time: 0.
[NX v22.2.1 Daemon Server] - 2025-12-11T18:47:07.888Z - Time taken for 'total execution time for createProjectGraph()' 7.61554199999955ms
[NX v22.2.1 Daemon Server] - 2025-12-11T18:47:10.938Z - Established a connection. Number of open connections: 3
[NX v22.2.1 Daemon Server] - 2025-12-11T18:47:10.947Z - Established a connection. Number of open connections: 4
[NX v22.2.1 Daemon Server] - 2025-12-11T18:47:10.947Z - Closed a connection. Number of open connections: 3
[NX v22.2.1 Daemon Server] - 2025-12-11T18:47:10.954Z - Received raw message of length 32
[NX v22.2.1 Daemon Server] - 2025-12-11T18:47:10.954Z - Received json message of type GET_NX_CONSOLE_STATUS
[NX v22.2.1 Daemon Server] - 2025-12-11T18:47:10.955Z - Serializing response for GET_NX_CONSOLE_STATUS message in json mode
[NX v22.2.1 Daemon Server] - 2025-12-11T18:47:10.955Z - Responding to GET_NX_CONSOLE_STATUS message
[NX v22.2.1 Daemon Server] - 2025-12-11T18:47:10.955Z - [REQUEST]: Responding to the client. handleGetNxConsoleStatus
[NX v22.2.1 Daemon Server] - 2025-12-11T18:47:10.955Z - Done responding to the client handleGetNxConsoleStatus
[NX v22.2.1 Daemon Server] - 2025-12-11T18:47:10.955Z - Handled json message GET_NX_CONSOLE_STATUS. Handling time: 0. Response time: 1.
[NX v22.2.1 Daemon Server] - 2025-12-11T18:47:10.983Z - Received raw message of length 32
[NX v22.2.1 Daemon Server] - 2025-12-11T18:47:10.983Z - Received json message of type REQUEST_PROJECT_GRAPH
[NX v22.2.1 Daemon Server] - 2025-12-11T18:47:10.983Z - [REQUEST]: Client Request for Project Graph Received
[NX v22.2.1 Daemon Server] - 2025-12-11T18:47:10.985Z - Reusing in-memory cached project graph because no files changed.
[NX v22.2.1 Daemon Server] - 2025-12-11T18:47:10.993Z - Wrote project graph cache to /Users/eric/code/hack/tcgplayer-mass-add/.nx/workspace-data/project-graph.json
[NX v22.2.1 Daemon Server] - 2025-12-11T18:47:10.993Z - Serializing response for REQUEST_PROJECT_GRAPH message in json mode
[NX v22.2.1 Daemon Server] - 2025-12-11T18:47:10.993Z - Responding to REQUEST_PROJECT_GRAPH message
[NX v22.2.1 Daemon Server] - 2025-12-11T18:47:10.993Z - [REQUEST]: Responding to the client. project-graph
[NX v22.2.1 Daemon Server] - 2025-12-11T18:47:10.994Z - Time taken for 'total for creating and serializing project graph' 9.793875000003027ms
[NX v22.2.1 Daemon Server] - 2025-12-11T18:47:10.996Z - Done responding to the client project-graph
[NX v22.2.1 Daemon Server] - 2025-12-11T18:47:10.996Z - Handled json message REQUEST_PROJECT_GRAPH. Handling time: 10. Response time: 3.
[NX v22.2.1 Daemon Server] - 2025-12-11T18:47:10.999Z - Closed a connection. Number of open connections: 2
[NX v22.2.1 Daemon Server] - 2025-12-11T18:47:11.051Z - [WATCHER]: 3 file(s) created or restored, 0 file(s) modified, 3 file(s) deleted
[NX v22.2.1 Daemon Server] - 2025-12-11T18:47:11.051Z - Serializing response for FILE-WATCH-CHANGED message in json mode
[NX v22.2.1 Daemon Server] - 2025-12-11T18:47:11.051Z - Responding to FILE-WATCH-CHANGED message
[NX v22.2.1 Daemon Server] - 2025-12-11T18:47:11.051Z - [REQUEST]: Responding to the client. File watch changed
[NX v22.2.1 Daemon Server] - 2025-12-11T18:47:11.051Z - Done responding to the client File watch changed
[NX v22.2.1 Daemon Server] - 2025-12-11T18:47:11.051Z - Handled json message FILE-WATCH-CHANGED. Handling time: 0. Response time: 0.
[NX v22.2.1 Daemon Server] - 2025-12-11T18:47:11.051Z - Time taken for 'changed-projects' 0.05200000000331784ms
[NX v22.2.1 Daemon Server] - 2025-12-11T18:47:11.153Z - [REQUEST]: Updated workspace context based on watched changes, recomputing project graph...
[NX v22.2.1 Daemon Server] - 2025-12-11T18:47:11.153Z - [REQUEST]: .nx/workspace-data/file-map.json,.nx/workspace-data/source-maps.json,.nx/workspace-data/project-graph.json
[NX v22.2.1 Daemon Server] - 2025-12-11T18:47:11.153Z - [REQUEST]: .nx/workspace-data/source-maps.json~d761f065,.nx/workspace-data/project-graph.json~d761f065,.nx/workspace-data/file-map.json~d761f065
[NX v22.2.1 Daemon Server] - 2025-12-11T18:47:11.154Z - Time taken for 'hash changed files from watcher' 0.660582999997132ms
Time for 'nx/core/project-json:createNodes' 0.72225000000617
Time for 'nx/core/package-json:createNodes' 2.2169579999972484
Time for 'nx/js/dependencies-and-lockfile:createNodes' 11.10320800000045
[NX v22.2.1 Daemon Server] - 2025-12-11T18:47:11.176Z - Time taken for 'build-project-configs' 18.021708000000217ms
Time for 'build typescript dependencies' 0.023457999996026047
[NX v22.2.1 Daemon Server] - 2025-12-11T18:47:11.185Z - [SYNC]: collect registered sync generators
[NX v22.2.1 Daemon Server] - 2025-12-11T18:47:11.185Z - [SYNC]: project graph hash is the same, not collecting task sync generators
[NX v22.2.1 Daemon Server] - 2025-12-11T18:47:11.185Z - [SYNC]: nx.json hash is the same, not collecting global sync generators
[NX v22.2.1 Daemon Server] - 2025-12-11T18:47:11.186Z - Serializing response for FILE-WATCH-CHANGED message in json mode
[NX v22.2.1 Daemon Server] - 2025-12-11T18:47:11.186Z - Responding to FILE-WATCH-CHANGED message
[NX v22.2.1 Daemon Server] - 2025-12-11T18:47:11.186Z - [REQUEST]: Responding to the client. File watch changed
[NX v22.2.1 Daemon Server] - 2025-12-11T18:47:11.186Z - Done responding to the client File watch changed
[NX v22.2.1 Daemon Server] - 2025-12-11T18:47:11.186Z - Handled json message FILE-WATCH-CHANGED. Handling time: 0. Response time: 0.
[NX v22.2.1 Daemon Server] - 2025-12-11T18:47:11.186Z - Time taken for 'total execution time for createProjectGraph()' 12.249167000001762ms
[NX v22.2.1 Daemon Server] - 2025-12-11T18:47:15.927Z - Established a connection. Number of open connections: 3
[NX v22.2.1 Daemon Server] - 2025-12-11T18:47:15.928Z - Established a connection. Number of open connections: 4
[NX v22.2.1 Daemon Server] - 2025-12-11T18:47:15.928Z - Closed a connection. Number of open connections: 3
[NX v22.2.1 Daemon Server] - 2025-12-11T18:47:15.936Z - Received raw message of length 32
[NX v22.2.1 Daemon Server] - 2025-12-11T18:47:15.936Z - Received json message of type GET_NX_CONSOLE_STATUS
[NX v22.2.1 Daemon Server] - 2025-12-11T18:47:15.936Z - Serializing response for GET_NX_CONSOLE_STATUS message in json mode
[NX v22.2.1 Daemon Server] - 2025-12-11T18:47:15.936Z - Responding to GET_NX_CONSOLE_STATUS message
[NX v22.2.1 Daemon Server] - 2025-12-11T18:47:15.936Z - [REQUEST]: Responding to the client. handleGetNxConsoleStatus
[NX v22.2.1 Daemon Server] - 2025-12-11T18:47:15.936Z - Done responding to the client handleGetNxConsoleStatus
[NX v22.2.1 Daemon Server] - 2025-12-11T18:47:15.936Z - Handled json message GET_NX_CONSOLE_STATUS. Handling time: 0. Response time: 0.
[NX v22.2.1 Daemon Server] - 2025-12-11T18:47:15.960Z - Received raw message of length 32
[NX v22.2.1 Daemon Server] - 2025-12-11T18:47:15.960Z - Received json message of type REQUEST_PROJECT_GRAPH
[NX v22.2.1 Daemon Server] - 2025-12-11T18:47:15.960Z - [REQUEST]: Client Request for Project Graph Received
[NX v22.2.1 Daemon Server] - 2025-12-11T18:47:15.960Z - Reusing in-memory cached project graph because no files changed.
[NX v22.2.1 Daemon Server] - 2025-12-11T18:47:15.963Z - Wrote project graph cache to /Users/eric/code/hack/tcgplayer-mass-add/.nx/workspace-data/project-graph.json
[NX v22.2.1 Daemon Server] - 2025-12-11T18:47:15.963Z - Serializing response for REQUEST_PROJECT_GRAPH message in json mode
[NX v22.2.1 Daemon Server] - 2025-12-11T18:47:15.963Z - Responding to REQUEST_PROJECT_GRAPH message
[NX v22.2.1 Daemon Server] - 2025-12-11T18:47:15.963Z - [REQUEST]: Responding to the client. project-graph
[NX v22.2.1 Daemon Server] - 2025-12-11T18:47:15.964Z - Time taken for 'total for creating and serializing project graph' 3.1885420000035083ms
[NX v22.2.1 Daemon Server] - 2025-12-11T18:47:15.965Z - Done responding to the client project-graph
[NX v22.2.1 Daemon Server] - 2025-12-11T18:47:15.965Z - Handled json message REQUEST_PROJECT_GRAPH. Handling time: 3. Response time: 2.
[NX v22.2.1 Daemon Server] - 2025-12-11T18:47:15.971Z - Received raw message of length 655
[NX v22.2.1 Daemon Server] - 2025-12-11T18:47:15.971Z - Received json message of type PRE_TASKS_EXECUTION
[NX v22.2.1 Daemon Server] - 2025-12-11T18:47:15.974Z - Serializing response for PRE_TASKS_EXECUTION message in json mode
[NX v22.2.1 Daemon Server] - 2025-12-11T18:47:15.974Z - Responding to PRE_TASKS_EXECUTION message
[NX v22.2.1 Daemon Server] - 2025-12-11T18:47:15.974Z - [REQUEST]: Responding to the client. handleRunPreTasksExecution
[NX v22.2.1 Daemon Server] - 2025-12-11T18:47:15.974Z - Done responding to the client handleRunPreTasksExecution
[NX v22.2.1 Daemon Server] - 2025-12-11T18:47:15.975Z - Handled json message PRE_TASKS_EXECUTION. Handling time: 3. Response time: 1.
[NX v22.2.1 Daemon Server] - 2025-12-11T18:47:15.975Z - Time taken for 'preTasksExecution' 2.0526669999962905ms
[NX v22.2.1 Daemon Server] - 2025-12-11T18:47:16.027Z - [WATCHER]: 3 file(s) created or restored, 0 file(s) modified, 3 file(s) deleted
[NX v22.2.1 Daemon Server] - 2025-12-11T18:47:16.027Z - Serializing response for FILE-WATCH-CHANGED message in json mode
[NX v22.2.1 Daemon Server] - 2025-12-11T18:47:16.027Z - Responding to FILE-WATCH-CHANGED message
[NX v22.2.1 Daemon Server] - 2025-12-11T18:47:16.027Z - [REQUEST]: Responding to the client. File watch changed
[NX v22.2.1 Daemon Server] - 2025-12-11T18:47:16.027Z - Done responding to the client File watch changed
[NX v22.2.1 Daemon Server] - 2025-12-11T18:47:16.027Z - Handled json message FILE-WATCH-CHANGED. Handling time: 0. Response time: 0.
[NX v22.2.1 Daemon Server] - 2025-12-11T18:47:16.028Z - Time taken for 'changed-projects' 0.046416999997745734ms
[NX v22.2.1 Daemon Server] - 2025-12-11T18:47:16.060Z - Received raw message of length 6027
[NX v22.2.1 Daemon Server] - 2025-12-11T18:47:16.060Z - Received json message of type HASH_TASKS
[NX v22.2.1 Daemon Server] - 2025-12-11T18:47:16.060Z - Recomputing project graph because of 3 updated and 3 deleted files.
[NX v22.2.1 Daemon Server] - 2025-12-11T18:47:16.060Z - [REQUEST]: Updated workspace context based on watched changes, recomputing project graph...
[NX v22.2.1 Daemon Server] - 2025-12-11T18:47:16.060Z - [REQUEST]: .nx/workspace-data/file-map.json,.nx/workspace-data/source-maps.json,.nx/workspace-data/project-graph.json
[NX v22.2.1 Daemon Server] - 2025-12-11T18:47:16.060Z - [REQUEST]: .nx/workspace-data/project-graph.json~2a066d7d,.nx/workspace-data/source-maps.json~2a066d7d,.nx/workspace-data/file-map.json~2a066d7d
[NX v22.2.1 Daemon Server] - 2025-12-11T18:47:16.061Z - Time taken for 'hash changed files from watcher' 0.25962499999877764ms
Time for 'nx/core/project-json:createNodes' 0.2813749999986612
Time for 'nx/core/package-json:createNodes' 0.8516250000029686
Time for 'nx/js/dependencies-and-lockfile:createNodes' 6.157625000007101
[NX v22.2.1 Daemon Server] - 2025-12-11T18:47:16.074Z - Time taken for 'build-project-configs' 11.105125000001863ms
Time for 'build typescript dependencies' 0.0199170000050799
[NX v22.2.1 Daemon Server] - 2025-12-11T18:47:16.098Z - [SYNC]: collect registered sync generators
[NX v22.2.1 Daemon Server] - 2025-12-11T18:47:16.098Z - [SYNC]: project graph hash is the same, not collecting task sync generators
[NX v22.2.1 Daemon Server] - 2025-12-11T18:47:16.098Z - [SYNC]: nx.json hash is the same, not collecting global sync generators
[NX v22.2.1 Daemon Server] - 2025-12-11T18:47:16.101Z - Wrote project graph cache to /Users/eric/code/hack/tcgplayer-mass-add/.nx/workspace-data/project-graph.json
DEBUG nx::native::tasks::hash_planner: get_plans_internal FAILED in 2.490834ms for 2 tasks
[NX v22.2.1 Daemon Server] - 2025-12-11T18:47:16.110Z - [REQUEST]: Responding to the client with an error. [HASH_TASKS] "production" is an invalid fileset.
All filesets have to start with either {workspaceRoot} or {projectRoot}.
For instance: "!{projectRoot}/**/*.spec.ts" or "{workspaceRoot}/package.json".
If "production" is a named input, make sure it is defined in nx.json.

Error: "production" is an invalid fileset.
All filesets have to start with either {workspaceRoot} or {projectRoot}.
For instance: "!{projectRoot}/**/*.spec.ts" or "{workspaceRoot}/package.json".
If "production" is a named input, make sure it is defined in nx.json.

    at NativeTaskHasherImpl.hashTasks (/Users/eric/code/hack/tcgplayer-mass-add/node_modules/nx/src/hasher/native-task-hasher-impl.js:32:36)
    at InProcessTaskHasher.hashTasks (/Users/eric/code/hack/tcgplayer-mass-add/node_modules/nx/src/hasher/task-hasher.js:41:46)
    at handleHashTasks (/Users/eric/code/hack/tcgplayer-mass-add/node_modules/nx/src/daemon/server/handle-hash-tasks.js:30:41)
    at process.processTicksAndRejections (node:internal/process/task_queues:105:5)
    at async handleResult (/Users/eric/code/hack/tcgplayer-mass-add/node_modules/nx/src/daemon/server/server.js:214:14)
    at async handleMessage (/Users/eric/code/hack/tcgplayer-mass-add/node_modules/nx/src/daemon/server/server.js:129:9)
    at async /Users/eric/code/hack/tcgplayer-mass-add/node_modules/nx/src/daemon/server/server.js:79:9
[NX v22.2.1 Daemon Server] - 2025-12-11T18:47:16.111Z - Done responding to the client null
[NX v22.2.1 Daemon Server] - 2025-12-11T18:47:17.357Z - Started listening on: /private/var/folders/qd/lbkr6q1x3_q3nm4px5pn9m180000gn/T/164adc4779f61b27879e/d.sock
[NX v22.2.1 Daemon Server] - 2025-12-11T18:47:17.359Z - [WATCHER]: Subscribed to changes within: /Users/eric/code/hack/tcgplayer-mass-add (native)
[NX v22.2.1 Daemon Server] - 2025-12-11T18:47:17.359Z - [NX-CONSOLE]: Pulling latest Nx (latest) to check console status...
Fetching nx...
[NX v22.2.1 Daemon Server] - 2025-12-11T18:47:17.425Z - [WATCHER]: 0 file(s) created or restored, 2 file(s) modified, 0 file(s) deleted
[NX v22.2.1 Daemon Server] - 2025-12-11T18:47:17.425Z - [WATCHER]: Processing file changes in outputs
[NX v22.2.1 Daemon Server] - 2025-12-11T18:47:17.426Z - Established a connection. Number of open connections: 1
[NX v22.2.1 Daemon Server] - 2025-12-11T18:47:17.426Z - Established a connection. Number of open connections: 2
[NX v22.2.1 Daemon Server] - 2025-12-11T18:47:17.426Z - Closed a connection. Number of open connections: 1
[NX v22.2.1 Daemon Server] - 2025-12-11T18:47:17.427Z - Received raw message of length 32
[NX v22.2.1 Daemon Server] - 2025-12-11T18:47:17.427Z - Received json message of type GET_NX_CONSOLE_STATUS
[NX v22.2.1 Daemon Server] - 2025-12-11T18:47:17.427Z - Serializing response for GET_NX_CONSOLE_STATUS message in json mode
[NX v22.2.1 Daemon Server] - 2025-12-11T18:47:17.427Z - Responding to GET_NX_CONSOLE_STATUS message
[NX v22.2.1 Daemon Server] - 2025-12-11T18:47:17.427Z - [REQUEST]: Responding to the client. handleGetNxConsoleStatus
[NX v22.2.1 Daemon Server] - 2025-12-11T18:47:17.427Z - Done responding to the client handleGetNxConsoleStatus
[NX v22.2.1 Daemon Server] - 2025-12-11T18:47:17.427Z - Handled json message GET_NX_CONSOLE_STATUS. Handling time: 0. Response time: 0.
[NX v22.2.1 Daemon Server] - 2025-12-11T18:47:17.444Z - Established a connection. Number of open connections: 2
[NX v22.2.1 Daemon Server] - 2025-12-11T18:47:17.444Z - Closed a connection. Number of open connections: 1
[NX v22.2.1 Daemon Server] - 2025-12-11T18:47:17.447Z - Closed a connection. Number of open connections: 0
[NX v22.2.1 Daemon Server] - 2025-12-11T18:47:17.460Z - Established a connection. Number of open connections: 1
[NX v22.2.1 Daemon Server] - 2025-12-11T18:47:17.463Z - Established a connection. Number of open connections: 2
[NX v22.2.1 Daemon Server] - 2025-12-11T18:47:17.464Z - Time taken for 'loadSpecifiedNxPlugins' 1.837208000000004ms
[NX v22.2.1 Daemon Server] - 2025-12-11T18:47:17.464Z - Closed a connection. Number of open connections: 1
[NX v22.2.1 Daemon Server] - 2025-12-11T18:47:17.465Z - Received raw message of length 32
[NX v22.2.1 Daemon Server] - 2025-12-11T18:47:17.465Z - Received json message of type REQUEST_PROJECT_GRAPH
[NX v22.2.1 Daemon Server] - 2025-12-11T18:47:17.465Z - [REQUEST]: Client Request for Project Graph Received
Time for 'plugin worker 35419 code loading' 2.563834
Time for 'plugin worker 35418 code loading' 2.6096660000000007
Time for 'plugin worker 35420 code loading' 3.6812500000000004
[NX v22.2.1 Daemon Server] - 2025-12-11T18:47:17.543Z - Started listening on: /private/var/folders/qd/lbkr6q1x3_q3nm4px5pn9m180000gn/T/ac0a1cee0bb7a2623e69/d.sock
[NX v22.2.1 Daemon Server] - 2025-12-11T18:47:17.545Z - [WATCHER]: Subscribed to changes within: /Users/eric/code/hack/tcgplayer-mass-add (native)
[NX v22.2.1 Daemon Server] - 2025-12-11T18:47:17.545Z - [NX-CONSOLE]: Pulling latest Nx (latest) to check console status...
Fetching nx...
[NX v22.2.1 Daemon Server] - 2025-12-11T18:47:17.551Z - Closed a connection. Number of open connections: 0
[NX v22.2.1 Daemon Server] - 2025-12-11T18:47:17.551Z - [WATCHER]: Stopping the watcher for /Users/eric/code/hack/tcgplayer-mass-add (sources)
[NX v22.2.1 Daemon Server] - 2025-12-11T18:47:17.551Z - [WATCHER]: Stopping the watcher for /Users/eric/code/hack/tcgplayer-mass-add (outputs)
[NX v22.2.1 Daemon Server] - 2025-12-11T18:47:17.552Z - Server stopped because: "this process is no longer the current daemon (native)"
[NX v22.2.1 Daemon Server] - 2025-12-11T18:47:17.649Z - [WATCHER]: 2 file(s) created or restored, 1 file(s) modified, 0 file(s) deleted
[NX v22.2.1 Daemon Server] - 2025-12-11T18:47:17.649Z - [WATCHER]: Processing file changes in outputs
Time for 'plugin worker 35426 code loading' 3.103416000000001
Time for 'plugin worker 35427 code loading' 4.549166
Time for 'plugin worker 35428 code loading' 4.676916
[NX v22.2.1 Daemon Server] - 2025-12-11T18:47:17.786Z - Established a connection. Number of open connections: 1
[NX v22.2.1 Daemon Server] - 2025-12-11T18:47:17.787Z - Established a connection. Number of open connections: 2
[NX v22.2.1 Daemon Server] - 2025-12-11T18:47:17.787Z - Closed a connection. Number of open connections: 1
[NX v22.2.1 Daemon Server] - 2025-12-11T18:47:17.788Z - Received raw message of length 192
[NX v22.2.1 Daemon Server] - 2025-12-11T18:47:17.788Z - Received json message of type MULTI_GLOB
[NX v22.2.1 Daemon Server] - 2025-12-11T18:47:17.789Z - Serializing response for MULTI_GLOB message in json mode
[NX v22.2.1 Daemon Server] - 2025-12-11T18:47:17.789Z - Responding to MULTI_GLOB message
[NX v22.2.1 Daemon Server] - 2025-12-11T18:47:17.789Z - [REQUEST]: Responding to the client. handleMultiGlob
[NX v22.2.1 Daemon Server] - 2025-12-11T18:47:17.789Z - Done responding to the client handleMultiGlob
[NX v22.2.1 Daemon Server] - 2025-12-11T18:47:17.789Z - Handled json message MULTI_GLOB. Handling time: 1. Response time: 0.
[NX v22.2.1 Daemon Server] - 2025-12-11T18:47:17.805Z - Time taken for 'Load Nx Plugin: /Users/eric/code/hack/tcgplayer-mass-add/node_modules/nx/src/plugins/package-json' 159.155792ms
[NX v22.2.1 Daemon Server] - 2025-12-11T18:47:17.808Z - Received raw message of length 94
[NX v22.2.1 Daemon Server] - 2025-12-11T18:47:17.808Z - Received json message of type GET_NX_WORKSPACE_FILES
[NX v22.2.1 Daemon Server] - 2025-12-11T18:47:17.809Z - Serializing response for GET_NX_WORKSPACE_FILES message in json mode
[NX v22.2.1 Daemon Server] - 2025-12-11T18:47:17.809Z - Responding to GET_NX_WORKSPACE_FILES message
[NX v22.2.1 Daemon Server] - 2025-12-11T18:47:17.809Z - [REQUEST]: Responding to the client. handleNxWorkspaceFiles
[NX v22.2.1 Daemon Server] - 2025-12-11T18:47:17.809Z - Done responding to the client handleNxWorkspaceFiles
[NX v22.2.1 Daemon Server] - 2025-12-11T18:47:17.809Z - Handled json message GET_NX_WORKSPACE_FILES. Handling time: 1. Response time: 0.
[NX v22.2.1 Daemon Server] - 2025-12-11T18:47:17.812Z - Time taken for 'Load Nx Plugin: /Users/eric/code/hack/tcgplayer-mass-add/node_modules/nx/src/plugins/js' 166.350292ms
[NX v22.2.1 Daemon Server] - 2025-12-11T18:47:17.816Z - [REQUEST]: Updated workspace context based on watched changes, recomputing project graph...
[NX v22.2.1 Daemon Server] - 2025-12-11T18:47:17.816Z - [REQUEST]: .nx/workspace-data/d/disabled,.nx/workspace-data/d/daemon-error.log,.nx/workspace-data/d/daemon.log
[NX v22.2.1 Daemon Server] - 2025-12-11T18:47:17.816Z - [REQUEST]: 
[NX v22.2.1 Daemon Server] - 2025-12-11T18:47:17.817Z - [REQUEST]: Updated workspace context based on watched changes, recomputing project graph...
[NX v22.2.1 Daemon Server] - 2025-12-11T18:47:17.817Z - [REQUEST]: .nx/workspace-data/d/disabled,.nx/workspace-data/d/daemon-error.log,.nx/workspace-data/d/daemon.log
[NX v22.2.1 Daemon Server] - 2025-12-11T18:47:17.817Z - [REQUEST]: 
[NX v22.2.1 Daemon Server] - 2025-12-11T18:47:17.820Z - Time taken for 'loadDefaultNxPlugins' 170.42374999999998ms
Time for 'nx/core/project-json:createNodes' 0.3235420000000033
Time for 'nx/core/project-json:createNodes' 0.1267079999999794
Time for 'nx/core/package-json:createNodes' 1.6218749999999886
Time for 'nx/core/package-json:createNodes' 0.3889170000000206
Time for 'nx/js/dependencies-and-lockfile:createNodes' 10.664625000000001
[NX v22.2.1 Daemon Server] - 2025-12-11T18:47:17.834Z - Received raw message of length 32
[NX v22.2.1 Daemon Server] - 2025-12-11T18:47:17.834Z - Received json message of type GET_CONTEXT_FILE_DATA
[NX v22.2.1 Daemon Server] - 2025-12-11T18:47:17.835Z - Serializing response for GET_CONTEXT_FILE_DATA message in json mode
[NX v22.2.1 Daemon Server] - 2025-12-11T18:47:17.836Z - Responding to GET_CONTEXT_FILE_DATA message
[NX v22.2.1 Daemon Server] - 2025-12-11T18:47:17.837Z - [REQUEST]: Responding to the client. handleContextFileData
[NX v22.2.1 Daemon Server] - 2025-12-11T18:47:17.837Z - Done responding to the client handleContextFileData
Time for 'nx/js/dependencies-and-lockfile:createNodes' 3.478541000000007
[NX v22.2.1 Daemon Server] - 2025-12-11T18:47:17.837Z - Handled json message GET_CONTEXT_FILE_DATA. Handling time: 0. Response time: 2.
[NX v22.2.1 Daemon Server] - 2025-12-11T18:47:17.854Z - Time taken for 'build-project-configs' 21.324374999999975ms
[NX v22.2.1 Daemon Server] - 2025-12-11T18:47:17.855Z - Closed a connection. Number of open connections: 0
Time for 'build typescript dependencies' 0.1699169999999981
[NX v22.2.1 Daemon Server] - 2025-12-11T18:47:17.867Z - Time taken for 'build-project-configs' 44.775667ms
[NX v22.2.1 Daemon Server] - 2025-12-11T18:47:17.873Z - [SYNC]: collect registered sync generators
[NX v22.2.1 Daemon Server] - 2025-12-11T18:47:17.873Z - Time taken for 'total execution time for createProjectGraph()' 6.938791999999978ms
Time for 'build typescript dependencies' 0.09412499999999113
[NX v22.2.1 Daemon Server] - 2025-12-11T18:47:17.883Z - [SYNC]: collect registered sync generators
[NX v22.2.1 Daemon Server] - 2025-12-11T18:47:17.884Z - [SYNC]: project graph hash is the same, not collecting task sync generators
[NX v22.2.1 Daemon Server] - 2025-12-11T18:47:17.884Z - [SYNC]: nx.json hash is the same, not collecting global sync generators
[NX v22.2.1 Daemon Server] - 2025-12-11T18:47:17.884Z - Time taken for 'total execution time for createProjectGraph()' 17.295209ms
[NX v22.2.1 Daemon Server] - 2025-12-11T18:47:17.896Z - [WATCHER]: 3 file(s) created or restored, 0 file(s) modified, 3 file(s) deleted
[NX v22.2.1 Daemon Server] - 2025-12-11T18:47:17.998Z - [REQUEST]: Updated workspace context based on watched changes, recomputing project graph...
[NX v22.2.1 Daemon Server] - 2025-12-11T18:47:17.998Z - [REQUEST]: .nx/workspace-data/file-map.json,.nx/workspace-data/source-maps.json,.nx/workspace-data/project-graph.json
[NX v22.2.1 Daemon Server] - 2025-12-11T18:47:17.998Z - [REQUEST]: .nx/workspace-data/project-graph.json~ab37e849,.nx/workspace-data/file-map.json~ab37e849,.nx/workspace-data/source-maps.json~ab37e849
Time for 'nx/core/project-json:createNodes' 0.2687080000000037
[NX v22.2.1 Daemon Server] - 2025-12-11T18:47:18.002Z - Time taken for 'hash changed files from watcher' 1.2189580000000433ms
Time for 'nx/core/package-json:createNodes' 1.8004589999999894
Time for 'nx/js/dependencies-and-lockfile:createNodes' 4.930250000000001
[NX v22.2.1 Daemon Server] - 2025-12-11T18:47:18.013Z - Time taken for 'build-project-configs' 12.220500000000015ms
Time for 'build typescript dependencies' 0.01845900000000711
[NX v22.2.1 Daemon Server] - 2025-12-11T18:47:18.027Z - [SYNC]: collect registered sync generators
[NX v22.2.1 Daemon Server] - 2025-12-11T18:47:18.027Z - [SYNC]: project graph hash is the same, not collecting task sync generators
[NX v22.2.1 Daemon Server] - 2025-12-11T18:47:18.027Z - [SYNC]: nx.json hash is the same, not collecting global sync generators
[NX v22.2.1 Daemon Server] - 2025-12-11T18:47:18.027Z - Time taken for 'total execution time for createProjectGraph()' 13.655124999999998ms
[NX v22.2.1 Daemon Server] - 2025-12-11T18:47:18.165Z - [WATCHER]: .git/index.lock was deleted
[NX v22.2.1 Daemon Server] - 2025-12-11T18:47:18.366Z - [REQUEST]: Updated workspace context based on watched changes, recomputing project graph...
[NX v22.2.1 Daemon Server] - 2025-12-11T18:47:18.366Z - [REQUEST]: 
[NX v22.2.1 Daemon Server] - 2025-12-11T18:47:18.366Z - [REQUEST]: .git/index.lock
[NX v22.2.1 Daemon Server] - 2025-12-11T18:47:18.367Z - Time taken for 'hash changed files from watcher' 0.07620800000006511ms
Time for 'nx/core/project-json:createNodes' 0.36950000000001637
Time for 'nx/core/package-json:createNodes' 0.8137500000000273
Time for 'nx/js/dependencies-and-lockfile:createNodes' 2.9642920000000004
[NX v22.2.1 Daemon Server] - 2025-12-11T18:47:18.377Z - Time taken for 'build-project-configs' 9.214707999999973ms
Time for 'build typescript dependencies' 0.011041999999974905
[NX v22.2.1 Daemon Server] - 2025-12-11T18:47:18.389Z - [SYNC]: collect registered sync generators
[NX v22.2.1 Daemon Server] - 2025-12-11T18:47:18.389Z - [SYNC]: project graph hash is the same, not collecting task sync generators
[NX v22.2.1 Daemon Server] - 2025-12-11T18:47:18.389Z - [SYNC]: nx.json hash is the same, not collecting global sync generators
[NX v22.2.1 Daemon Server] - 2025-12-11T18:47:18.389Z - Time taken for 'total execution time for createProjectGraph()' 12.066625000000045ms
[NX v22.2.1 Daemon Server] - 2025-12-11T18:47:19.103Z - [NX-CONSOLE]: Successfully pulled latest Nx to /private/var/folders/qd/lbkr6q1x3_q3nm4px5pn9m180000gn/T/tmp-35417-cumosq0vz3mo
[NX v22.2.1 Daemon Server] - 2025-12-11T18:47:19.142Z - [NX-CONSOLE]: Using local implementation (NX_USE_LOCAL=true or inner call)
DEBUG nx::native::ide::preferences: Loaded console preferences: NxConsolePreferences { auto_install_console: Some(true), path: "/Users/eric/.config/nx/ide.json" }
DEBUG nx::native::ide::install: Detected editor: Cursor
DEBUG nx::native::ide::install: Checking if Nx Console extension is installed with: cursor --list-extensions
DEBUG nx::native::ide::install: Nx Console extension is installed
[NX v22.2.1 Daemon Server] - 2025-12-11T18:47:19.372Z - [NX-CONSOLE]: Console status check completed, shouldPrompt: false
[NX v22.2.1 Daemon Server] - 2025-12-11T18:47:29.233Z - [WATCHER]: 4 file(s) created or restored, 1 file(s) modified, 4 file(s) deleted
[NX v22.2.1 Daemon Server] - 2025-12-11T18:47:29.335Z - [REQUEST]: Updated workspace context based on watched changes, recomputing project graph...
[NX v22.2.1 Daemon Server] - 2025-12-11T18:47:29.335Z - [REQUEST]: .nx/workspace-data/project-graph.json,.nx/workspace-data/file-map.json,.nx/workspace-data/source-maps.json,.nx/workspace-data/project-graph.lock,.nx/workspace-data/nx_files.nxt
[NX v22.2.1 Daemon Server] - 2025-12-11T18:47:29.335Z - [REQUEST]: .nx/workspace-data/file-map.json~b1f90d8b,.nx/workspace-data/project-graph.json~b1f90d8b,.nx/workspace-data/source-maps.json~b1f90d8b,.git/index.lock
[NX v22.2.1 Daemon Server] - 2025-12-11T18:47:29.336Z - Time taken for 'hash changed files from watcher' 0.32208299999911105ms
Time for 'nx/core/project-json:createNodes' 0.22137500000098953
Time for 'nx/core/package-json:createNodes' 1.2099999999991269
Time for 'nx/js/dependencies-and-lockfile:createNodes' 4.161083999999391
[NX v22.2.1 Daemon Server] - 2025-12-11T18:47:29.348Z - Time taken for 'build-project-configs' 9.661125000000538ms
Time for 'build typescript dependencies' 0.01504199999908451
[NX v22.2.1 Daemon Server] - 2025-12-11T18:47:29.358Z - [SYNC]: collect registered sync generators
[NX v22.2.1 Daemon Server] - 2025-12-11T18:47:29.358Z - [SYNC]: project graph hash is the same, not collecting task sync generators
[NX v22.2.1 Daemon Server] - 2025-12-11T18:47:29.358Z - [SYNC]: nx.json hash is the same, not collecting global sync generators
[NX v22.2.1 Daemon Server] - 2025-12-11T18:47:29.358Z - Time taken for 'total execution time for createProjectGraph()' 11.317583000000013ms
[NX v22.2.1 Daemon Server] - 2025-12-11T18:47:29.409Z - [WATCHER]: .git/index.lock was deleted
[NX v22.2.1 Daemon Server] - 2025-12-11T18:47:29.610Z - [REQUEST]: Updated workspace context based on watched changes, recomputing project graph...
[NX v22.2.1 Daemon Server] - 2025-12-11T18:47:29.611Z - [REQUEST]: 
[NX v22.2.1 Daemon Server] - 2025-12-11T18:47:29.611Z - [REQUEST]: .git/index.lock
[NX v22.2.1 Daemon Server] - 2025-12-11T18:47:29.613Z - Time taken for 'hash changed files from watcher' 0.10283300000082818ms
Time for 'nx/core/project-json:createNodes' 0.3349580000012793
Time for 'nx/core/package-json:createNodes' 0.6863749999993161
Time for 'nx/js/dependencies-and-lockfile:createNodes' 4.620875000000524
[NX v22.2.1 Daemon Server] - 2025-12-11T18:47:29.623Z - Time taken for 'build-project-configs' 7.825082999999722ms
Time for 'build typescript dependencies' 0.010459000000992091
[NX v22.2.1 Daemon Server] - 2025-12-11T18:47:29.629Z - [SYNC]: collect registered sync generators
[NX v22.2.1 Daemon Server] - 2025-12-11T18:47:29.629Z - [SYNC]: project graph hash is the same, not collecting task sync generators
[NX v22.2.1 Daemon Server] - 2025-12-11T18:47:29.629Z - [SYNC]: nx.json hash is the same, not collecting global sync generators
[NX v22.2.1 Daemon Server] - 2025-12-11T18:47:29.629Z - Time taken for 'total execution time for createProjectGraph()' 7.827042000000802ms
[NX v22.2.1 Daemon Server] - 2025-12-11T18:47:35.634Z - [WATCHER]: .gitignore was created or restored
[NX v22.2.1 Daemon Server] - 2025-12-11T18:47:35.634Z - [WATCHER]: Processing file changes in outputs
[NX v22.2.1 Daemon Server] - 2025-12-11T18:47:35.635Z - [WATCHER]: Stopping the watcher for /Users/eric/code/hack/tcgplayer-mass-add (sources)
[NX v22.2.1 Daemon Server] - 2025-12-11T18:47:35.635Z - [WATCHER]: Stopping the watcher for /Users/eric/code/hack/tcgplayer-mass-add (outputs)
[NX v22.2.1 Daemon Server] - 2025-12-11T18:47:35.636Z - [NX-CONSOLE]: Cleaning up latest Nx installation from /private/var/folders/qd/lbkr6q1x3_q3nm4px5pn9m180000gn/T/tmp-35417-cumosq0vz3mo
[NX v22.2.1 Daemon Server] - 2025-12-11T18:47:35.636Z - Server stopped because: "Stopping the daemon the set of ignored files changed (native)"
